<?xml version='1.0' encoding='UTF-8'?>
<testsuite hostname="DESKTOP-13K1CKL" name="tutorial.webapp.TutorialTest" tests="2" errors="0" failures="0" skipped="0" time="0.007" timestamp="2023-02-11T21:17:56">
          <properties>
      <property name="java.specification.version" value="17"/><property name="sun.cpu.isalist" value="amd64"/><property name="sun.jnu.encoding" value="Cp1252"/><property name="sun.arch.data.model" value="64"/><property name="com.ibm.vm.bitmode" value="64"/><property name="java.vendor.url" value="https://java.oracle.com/"/><property name="sun.boot.library.path" value="C:\Program Files\Java\jdk-17\bin"/><property name="sun.java.command" value="xsbt.boot.Boot"/><property name="jdk.debug" value="release"/><property name="sun.stderr.encoding" value="cp850"/><property name="java.specification.vendor" value="Oracle Corporation"/><property name="java.version.date" value="2023-01-17"/><property name="java.home" value="C:\Program Files\Java\jdk-17"/><property name="file.separator" value="\"/><property name="java.vm.compressedOopsMode" value="32-bit"/><property name="line.separator" value="
"/><property name="sun.stdout.encoding" value="cp850"/><property name="java.vm.specification.vendor" value="Oracle Corporation"/><property name="java.specification.name" value="Java Platform API Specification"/><property name="user.script" value=""/><property name="java.protocol.handler.pkgs" value="com.google.common|com.google.common"/><property name="sun.management.compiler" value="HotSpot 64-Bit Tiered Compilers"/><property name="java.runtime.version" value="17.0.6+9-LTS-190"/><property name="user.name" value="Tamer"/><property name="log4j.ignoreTCL" value="true"/><property name="file.encoding" value="UTF-8"/><property name="jnidispatch.path" value="C:\Users\Tamer\AppData\Local\Temp\jna-80573485\jna13434945124128881261.dll"/><property name="jna.loaded" value="true"/><property name="java.io.tmpdir" value="C:\Users\Tamer\AppData\Local\Temp\"/><property name="java.version" value="17.0.6"/><property name="java.vm.specification.name" value="Java Virtual Machine Specification"/><property name="sun.os.patch.level" value=""/><property name="native.encoding" value="Cp1252"/><property name="java.library.path" value="C:\Program Files\Java\jdk-17\bin;C:\Windows\Sun\Java\bin;C:\Windows\system32;C:\Windows;C:\Program Files\Common Files\Oracle\Java\javapath;C:\Windows\system32;C:\Windows;C:\Windows\System32\Wbem;C:\Windows\System32\WindowsPowerShell\v1.0\;C:\Windows\System32\OpenSSH\;C:\Program Files (x86)\sbt\bin;C:\Program Files\nodejs\;C:\Users\Tamer\AppData\Local\Microsoft\WindowsApps;;C:\Users\Tamer\AppData\Local\Programs\Microsoft VS Code\bin;C:\Users\Tamer\AppData\Roaming\npm;."/><property name="java.vendor" value="Oracle Corporation"/><property name="scala.ext.dirs" value="C:\Users\Tamer\.sbt\1.0\java9-rt-ext-oracle_corporation_17_0_6"/><property name="sun.io.unicode.encoding" value="UnicodeLittle"/><property name="java.class.path" value="C:\Program Files (x86)\sbt\\bin\sbt-launch.jar"/><property name="java.vm.vendor" value="Oracle Corporation"/><property name="user.variant" value=""/><property name="jline.shutdownhook" value="false"/><property name="user.timezone" value="Europe/Berlin"/><property name="java.vm.specification.version" value="17"/><property name="os.name" value="Windows 10"/><property name="sun.java.launcher" value="SUN_STANDARD"/><property name="user.country" value="DE"/><property name="sun.cpu.endian" value="little"/><property name="user.home" value="C:\Users\Tamer"/><property name="user.language" value="de"/><property name="sbt.ipcsocket.tmpdir" value="C:\Users\Tamer\AppData\Local\Temp\.sbt\ipcsocket"/><property name="swoval.tmpdir" value="C:\Users\Tamer\AppData\Local\Temp\.sbt\swoval"/><property name="jline.esc.timeout" value="0"/><property name="path.separator" value=";"/><property name="os.version" value="10.0"/><property name="jna.nosys" value="true"/><property name="java.runtime.name" value="Java(TM) SE Runtime Environment"/><property name="java.vm.name" value="Java HotSpot(TM) 64-Bit Server VM"/><property name="java.vendor.url.bug" value="https://bugreport.java.com/bugreport/"/><property name="user.dir" value="C:\Users\Tamer\Desktop\PacmanScalaJS"/><property name="os.arch" value="amd64"/><property name="java.vm.info" value="mixed mode, sharing"/><property name="java.vm.version" value="17.0.6+9-LTS-190"/><property name="java.class.version" value="61.0"/>
    </properties>
          <testcase classname="tutorial.webapp.TutorialTest" name="HelloWorld" time="0.002">
                      
                    </testcase><testcase classname="tutorial.webapp.TutorialTest" name="ButtonClick" time="0.005">
                      
                    </testcase>
          <system-out><![CDATA[]]></system-out>
          <system-err><![CDATA[]]></system-err>
        </testsuite>